c:\users\guzhe\desktop\gmas\generate\x64\debug\vc142.pdb
c:\users\guzhe\desktop\gmas\generate\x64\debug\vc142.idb
c:\users\guzhe\desktop\gmas\generate\x64\debug\generatemapfile.nativecodeanalysis.sarif
c:\users\guzhe\desktop\gmas\generate\x64\debug\generatemapfile.nativecodeanalysis.xml
c:\users\guzhe\desktop\gmas\generate\x64\debug\generatemap.nativecodeanalysis.sarif
c:\users\guzhe\desktop\gmas\generate\x64\debug\generatemap.nativecodeanalysis.xml
c:\users\guzhe\desktop\gmas\generate\x64\debug\generatemas.nativecodeanalysis.sarif
c:\users\guzhe\desktop\gmas\generate\x64\debug\generatemas.nativecodeanalysis.xml
c:\users\guzhe\desktop\gmas\generate\x64\debug\generatemas.obj
c:\users\guzhe\desktop\gmas\generate\x64\debug\generatemap.obj
c:\users\guzhe\desktop\gmas\generate\x64\debug\generatemapfile.obj
c:\users\guzhe\desktop\gmas\gmas\x64\debug\generatemapfile.ilk
c:\users\guzhe\desktop\gmas\gmas\x64\debug\generatemapfile.exe
c:\users\guzhe\desktop\gmas\gmas\x64\debug\generatemapfile.pdb
c:\users\guzhe\desktop\gmas\generate\x64\debug\nativecodeanalysis.read.1.tlog
c:\users\guzhe\desktop\gmas\generate\x64\debug\vc.nativecodeanalysis.all.xml
c:\users\guzhe\desktop\gmas\generate\x64\debug\generatemapfile.tlog\cl.command.1.tlog
c:\users\guzhe\desktop\gmas\generate\x64\debug\generatemapfile.tlog\cl.read.1.tlog
c:\users\guzhe\desktop\gmas\generate\x64\debug\generatemapfile.tlog\cl.write.1.tlog
c:\users\guzhe\desktop\gmas\generate\x64\debug\generatemapfile.tlog\link.command.1.tlog
c:\users\guzhe\desktop\gmas\generate\x64\debug\generatemapfile.tlog\link.read.1.tlog
c:\users\guzhe\desktop\gmas\generate\x64\debug\generatemapfile.tlog\link.write.1.tlog
