c:\users\guzhe\desktop\maspp\generatemapfile\release\vc142.pdb
c:\users\guzhe\desktop\maspp\generatemapfile\release\generatemapfile.nativecodeanalysis.sarif
c:\users\guzhe\desktop\maspp\generatemapfile\release\generatemapfile.nativecodeanalysis.xml
c:\users\guzhe\desktop\maspp\generatemapfile\release\generatemap.nativecodeanalysis.sarif
c:\users\guzhe\desktop\maspp\generatemapfile\release\generatemap.nativecodeanalysis.xml
c:\users\guzhe\desktop\maspp\generatemapfile\release\generatemap.obj
c:\users\guzhe\desktop\maspp\generatemapfile\release\generatemapfile.obj
c:\users\guzhe\desktop\maspp\release\generatemapfile.ipdb
c:\users\guzhe\desktop\maspp\release\generatemapfile.iobj
c:\users\guzhe\desktop\maspp\release\generatemapfile.exe
c:\users\guzhe\desktop\maspp\release\generatemapfile.pdb
c:\users\guzhe\desktop\maspp\generatemapfile\release\nativecodeanalysis.read.1.tlog
c:\users\guzhe\desktop\maspp\generatemapfile\release\vc.nativecodeanalysis.all.xml
c:\users\guzhe\desktop\maspp\generatemapfile\release\generatemapfile.tlog\cl.command.1.tlog
c:\users\guzhe\desktop\maspp\generatemapfile\release\generatemapfile.tlog\cl.read.1.tlog
c:\users\guzhe\desktop\maspp\generatemapfile\release\generatemapfile.tlog\cl.write.1.tlog
c:\users\guzhe\desktop\maspp\generatemapfile\release\generatemapfile.tlog\generatemapfile.write.1u.tlog
c:\users\guzhe\desktop\maspp\generatemapfile\release\generatemapfile.tlog\link.command.1.tlog
c:\users\guzhe\desktop\maspp\generatemapfile\release\generatemapfile.tlog\link.read.1.tlog
c:\users\guzhe\desktop\maspp\generatemapfile\release\generatemapfile.tlog\link.write.1.tlog
